<?xml version="1.0" encoding="UTF-8"?>
<!-- Generated by org.testng.reporters.JUnitXMLReporter -->
<testsuite hostname="DESKTOP-E932GNO" ignored="0" name="Test" tests="7" failures="0" timestamp="08 Jan 2021 20:26:23 GMT" time="158.722" errors="0">
  <testcase name="verify_Student_Discount_Bookings" time="12.259" classname="com.qa.SpiceJet.Test.FlightDetailPageTest"/>
  <testcase name="verify_clcikONOneWayRadioBtn" time="0.142" classname="com.qa.SpiceJet.Test.BookPageTest"/>
  <testcase name="verify_oneway_trip_returndate_field_disabled" time="0.196" classname="com.qa.SpiceJet.Test.BookPageTest"/>
  <testcase name="verify_SelectDeptCityBangAndArrivalAsPune" time="2.158" classname="com.qa.SpiceJet.Test.BookPageTest"/>
  <testcase name="verify_Select_dept_data_And_Adult_and_INR" time="2.801" classname="com.qa.SpiceJet.Test.BookPageTest"/>
  <testcase name="verify_select_checkBoxForStudent" time="2.598" classname="com.qa.SpiceJet.Test.BookPageTest"/>
  <testcase name="verify_Search_link" time="12.268" classname="com.qa.SpiceJet.Test.BookPageTest"/>
</testsuite> <!-- Test -->
